#
# There is insufficient memory for the Java Runtime Environment to continue.
# Native memory allocation (malloc) failed to allocate 2479216 bytes for Chunk::new
# Possible reasons:
#   The system is out of physical RAM or swap space
#   In 32 bit mode, the process size limit was hit
# Possible solutions:
#   Reduce memory load on the system
#   Increase physical memory or swap space
#   Check if swap backing store is full
#   Use 64 bit Java on a 64 bit OS
#   Decrease Java heap size (-Xmx/-Xms)
#   Decrease number of Java threads
#   Decrease Java thread stack sizes (-Xss)
#   Set larger code cache with -XX:ReservedCodeCacheSize=
# This output file may be truncated or incomplete.
#
#  Out of Memory Error (allocation.cpp:388), pid=8568, tid=8416
#
# JRE version: Java(TM) SE Runtime Environment (8.0-b132) (build 1.8.0-b132)
# Java VM: Java HotSpot(TM) 64-Bit Server VM (25.0-b70 mixed mode windows-amd64 compressed oops)
# Failed to write core dump. Minidumps are not enabled by default on client versions of Windows
#

---------------  T H R E A D  ---------------

Current thread (0x00000000565c6800):  JavaThread "C2 CompilerThread0" daemon [_thread_in_native, id=8416, stack(0x00000000560f0000,0x00000000561f0000)]

Stack: [0x00000000560f0000,0x00000000561f0000]
Native frames: (J=compiled Java code, j=interpreted, Vv=VM code, C=native code)
V  [jvm.dll+0x308e0a]
V  [jvm.dll+0x25df11]
V  [jvm.dll+0x25eb2f]
V  [jvm.dll+0x256505]
V  [jvm.dll+0xbcff5]
V  [jvm.dll+0xbd48c]
V  [jvm.dll+0x44d442]
V  [jvm.dll+0x48e15f]
V  [jvm.dll+0x44295e]
V  [jvm.dll+0x44368b]
V  [jvm.dll+0x427552]
V  [jvm.dll+0x96732]
V  [jvm.dll+0x96f23]
V  [jvm.dll+0x2232e4]
V  [jvm.dll+0x27baea]
C  [msvcr100.dll+0x21d9f]
C  [msvcr100.dll+0x21e3b]
C  [kernel32.dll+0x15a4d]
C  [ntdll.dll+0x2b831]


Current CompileTask:
C2: 185759 5435       4       org.codehaus.groovy.control.ResolveVisitor::resolveFromModule (566 bytes)


---------------  P R O C E S S  ---------------

Java Threads: ( => current thread )
  0x00000000587ca800 JavaThread "Stdin handler" [_thread_blocked, id=5744, stack(0x0000000059530000,0x0000000059630000)]
  0x00000000587c9000 JavaThread "Daemon worker Thread 2" [_thread_in_Java, id=8544, stack(0x000000005b230000,0x000000005b330000)]
  0x00000000587c7800 JavaThread "Cancel handler" [_thread_blocked, id=7888, stack(0x0000000059ad0000,0x0000000059bd0000)]
  0x00000000587c8800 JavaThread "Handler for socket connection from /127.0.0.1:57574 to /127.0.0.1:58414" [_thread_in_native, id=9112, stack(0x0000000059900000,0x0000000059a00000)]
  0x00000000587c7000 JavaThread "Daemon Thread 2" [_thread_blocked, id=3372, stack(0x0000000059410000,0x0000000059510000)]
  0x000000005b57c800 JavaThread "File lock request listener" [_thread_in_native, id=8536, stack(0x000000005c7c0000,0x000000005c8c0000)]
  0x0000000057a4a000 JavaThread "Incoming local TCP Connector on port 57574" [_thread_in_native, id=8284, stack(0x0000000059230000,0x0000000059330000)]
  0x000000005663e800 JavaThread "Service Thread" daemon [_thread_blocked, id=8816, stack(0x0000000057080000,0x0000000057180000)]
  0x00000000565ea800 JavaThread "C1 CompilerThread2" daemon [_thread_blocked, id=8920, stack(0x0000000056ea0000,0x0000000056fa0000)]
  0x00000000565cc800 JavaThread "C2 CompilerThread1" daemon [_thread_in_native, id=8320, stack(0x0000000056cc0000,0x0000000056dc0000)]
=>0x00000000565c6800 JavaThread "C2 CompilerThread0" daemon [_thread_in_native, id=8416, stack(0x00000000560f0000,0x00000000561f0000)]
  0x00000000565b9000 JavaThread "Attach Listener" daemon [_thread_blocked, id=8744, stack(0x0000000056b60000,0x0000000056c60000)]
  0x00000000550cf000 JavaThread "Signal Dispatcher" daemon [_thread_blocked, id=8392, stack(0x0000000056a30000,0x0000000056b30000)]
  0x0000000055064800 JavaThread "Finalizer" daemon [_thread_blocked, id=4696, stack(0x00000000564b0000,0x00000000565b0000)]
  0x0000000055059800 JavaThread "Reference Handler" daemon [_thread_blocked, id=8904, stack(0x0000000056350000,0x0000000056450000)]
  0x00000000024df000 JavaThread "main" [_thread_blocked, id=8564, stack(0x00000000027c0000,0x00000000028c0000)]

Other Threads:
  0x0000000055056000 VMThread [stack: 0x0000000056250000,0x0000000056350000] [id=8540]
  0x0000000056645800 WatcherThread [stack: 0x0000000057280000,0x0000000057380000] [id=9180]

VM state:not at safepoint (normal execution)

VM Mutex/Monitor currently owned by a thread: None

Heap:
 PSYoungGen      total 113152K, used 88759K [0x00000000eab00000, 0x00000000f2780000, 0x0000000100000000)
  eden space 102912K, 84% used [0x00000000eab00000,0x00000000eff6fda8,0x00000000f0f80000)
  from space 10240K, 22% used [0x00000000f1d80000,0x00000000f1fbe120,0x00000000f2780000)
  to   space 12288K, 0% used [0x00000000f0f80000,0x00000000f0f80000,0x00000000f1b80000)
 ParOldGen       total 53248K, used 43732K [0x00000000c0000000, 0x00000000c3400000, 0x00000000eab00000)
  object space 53248K, 82% used [0x00000000c0000000,0x00000000c2ab5288,0x00000000c3400000)
 Metaspace       used 42082K, capacity 44370K, committed 44416K, reserved 1087488K
  class space    used 6031K, capacity 6750K, committed 6784K, reserved 1048576K

Card table byte_map: [0x0000000011c80000,0x0000000011e90000] byte_map_base: 0x0000000011680000

Marking Bits: (ParMarkBitMap*) 0x00000000649013b0
 Begin Bits: [0x00000000124d0000, 0x00000000134d0000)
 End Bits:   [0x00000000134d0000, 0x00000000144d0000)

Polling page: 0x0000000000280000

CodeCache: size=245760Kb used=18185Kb max_used=18193Kb free=227574Kb
 bounds [0x00000000028c0000, 0x0000000003aa0000, 0x00000000118c0000]
 total_blobs=6045 nmethods=5362 adapters=596
 compilation: enabled

Compilation events (10 events):
Event: 184.920 Thread 0x00000000565c6800 5433       4       org.codehaus.groovy.ast.ModuleNode::getClasses (80 bytes)
Event: 184.922 Thread 0x00000000565c6800 nmethod 5433 0x0000000003a89c90 code [0x0000000003a89e20, 0x0000000003a89fc0]
Event: 184.950 Thread 0x00000000565ea800 5437       3       org.codehaus.groovy.control.ResolveVisitor$ConstructedClassWithPackage::getName (38 bytes)
Event: 184.950 Thread 0x00000000565cc800 5434       4       org.codehaus.groovy.control.ResolveVisitor::resolve (229 bytes)
Event: 184.950 Thread 0x00000000565c6800 5435       4       org.codehaus.groovy.control.ResolveVisitor::resolveFromModule (566 bytes)
Event: 184.957 Thread 0x00000000565ea800 nmethod 5437 0x0000000003a7e450 code [0x0000000003a7e660, 0x0000000003a7f0c8]
Event: 184.957 Thread 0x00000000565ea800 5436       1       org.codehaus.groovy.ast.DynamicVariable::getName (5 bytes)
Event: 184.957 Thread 0x00000000565ea800 nmethod 5436 0x0000000003a7e0d0 code [0x0000000003a7e220, 0x0000000003a7e330]
Event: 185.166 Thread 0x00000000565ea800 5439       3       org.codehaus.groovy.control.ResolveVisitor::resolveFromCompileUnit (41 bytes)
Event: 185.167 Thread 0x00000000565ea800 nmethod 5439 0x0000000003a8ae90 code [0x0000000003a8b060, 0x0000000003a8b828]

GC Heap History (10 events):
Event: 26.523 GC heap before
{Heap before GC invocations=28 (full 5):
 PSYoungGen      total 89600K, used 7032K [0x00000000eab00000, 0x00000000f1e80000, 0x0000000100000000)
  eden space 76288K, 0% used [0x00000000eab00000,0x00000000eab00000,0x00000000ef580000)
  from space 13312K, 52% used [0x00000000ef580000,0x00000000efc5e3f0,0x00000000f0280000)
  to   space 13312K, 0% used [0x00000000f1180000,0x00000000f1180000,0x00000000f1e80000)
 ParOldGen       total 37888K, used 37064K [0x00000000c0000000, 0x00000000c2500000, 0x00000000eab00000)
  object space 37888K, 97% used [0x00000000c0000000,0x00000000c2432180,0x00000000c2500000)
 Metaspace       used 39466K, capacity 41480K, committed 41728K, reserved 1085440K
  class space    used 5677K, capacity 6289K, committed 6400K, reserved 1048576K
Event: 27.183 GC heap after
Heap after GC invocations=28 (full 5):
 PSYoungGen      total 89600K, used 5377K [0x00000000eab00000, 0x00000000f1e80000, 0x0000000100000000)
  eden space 76288K, 0% used [0x00000000eab00000,0x00000000eab00000,0x00000000ef580000)
  from space 13312K, 40% used [0x00000000ef580000,0x00000000efac0718,0x00000000f0280000)
  to   space 13312K, 0% used [0x00000000f1180000,0x00000000f1180000,0x00000000f1e80000)
 ParOldGen       total 53248K, used 37865K [0x00000000c0000000, 0x00000000c3400000, 0x00000000eab00000)
  object space 53248K, 71% used [0x00000000c0000000,0x00000000c24fa6e0,0x00000000c3400000)
 Metaspace       used 39466K, capacity 41480K, committed 41728K, reserved 1085440K
  class space    used 5677K, capacity 6289K, committed 6400K, reserved 1048576K
}
Event: 28.780 GC heap before
{Heap before GC invocations=29 (full 5):
 PSYoungGen      total 89600K, used 69357K [0x00000000eab00000, 0x00000000f1e80000, 0x0000000100000000)
  eden space 76288K, 83% used [0x00000000eab00000,0x00000000ee97ae78,0x00000000ef580000)
  from space 13312K, 40% used [0x00000000ef580000,0x00000000efac0718,0x00000000f0280000)
  to   space 13312K, 0% used [0x00000000f1180000,0x00000000f1180000,0x00000000f1e80000)
 ParOldGen       total 53248K, used 37865K [0x00000000c0000000, 0x00000000c3400000, 0x00000000eab00000)
  object space 53248K, 71% used [0x00000000c0000000,0x00000000c24fa6e0,0x00000000c3400000)
 Metaspace       used 40009K, capacity 42098K, committed 42368K, reserved 1085440K
  class space    used 5778K, capacity 6443K, committed 6528K, reserved 1048576K
Event: 28.861 GC heap after
Heap after GC invocations=29 (full 5):
 PSYoungGen      total 101888K, used 2970K [0x00000000eab00000, 0x00000000f1c80000, 0x0000000100000000)
  eden space 90624K, 0% used [0x00000000eab00000,0x00000000eab00000,0x00000000f0380000)
  from space 11264K, 26% used [0x00000000f1180000,0x00000000f14668e0,0x00000000f1c80000)
  to   space 12800K, 0% used [0x00000000f0380000,0x00000000f0380000,0x00000000f1000000)
 ParOldGen       total 53248K, used 42249K [0x00000000c0000000, 0x00000000c3400000, 0x00000000eab00000)
  object space 53248K, 79% used [0x00000000c0000000,0x00000000c2942700,0x00000000c3400000)
 Metaspace       used 40009K, capacity 42098K, committed 42368K, reserved 1085440K
  class space    used 5778K, capacity 6443K, committed 6528K, reserved 1048576K
}
Event: 28.861 GC heap before
{Heap before GC invocations=30 (full 6):
 PSYoungGen      total 101888K, used 2970K [0x00000000eab00000, 0x00000000f1c80000, 0x0000000100000000)
  eden space 90624K, 0% used [0x00000000eab00000,0x00000000eab00000,0x00000000f0380000)
  from space 11264K, 26% used [0x00000000f1180000,0x00000000f14668e0,0x00000000f1c80000)
  to   space 12800K, 0% used [0x00000000f0380000,0x00000000f0380000,0x00000000f1000000)
 ParOldGen       total 53248K, used 42249K [0x00000000c0000000, 0x00000000c3400000, 0x00000000eab00000)
  object space 53248K, 79% used [0x00000000c0000000,0x00000000c2942700,0x00000000c3400000)
 Metaspace       used 40009K, capacity 42098K, committed 42368K, reserved 1085440K
  class space    used 5778K, capacity 6443K, committed 6528K, reserved 1048576K
Event: 29.551 GC heap after
Heap after GC invocations=30 (full 6):
 PSYoungGen      total 101888K, used 0K [0x00000000eab00000, 0x00000000f1c80000, 0x0000000100000000)
  eden space 90624K, 0% used [0x00000000eab00000,0x00000000eab00000,0x00000000f0380000)
  from space 11264K, 0% used [0x00000000f1180000,0x00000000f1180000,0x00000000f1c80000)
  to   space 12800K, 0% used [0x00000000f0380000,0x00000000f0380000,0x00000000f1000000)
 ParOldGen       total 53248K, used 43716K [0x00000000c0000000, 0x00000000c3400000, 0x00000000eab00000)
  object space 53248K, 82% used [0x00000000c0000000,0x00000000c2ab1288,0x00000000c3400000)
 Metaspace       used 40009K, capacity 42098K, committed 42368K, reserved 1085440K
  class space    used 5778K, capacity 6443K, committed 6528K, reserved 1048576K
}
Event: 182.008 GC heap before
{Heap before GC invocations=31 (full 6):
 PSYoungGen      total 101888K, used 90624K [0x00000000eab00000, 0x00000000f1c80000, 0x0000000100000000)
  eden space 90624K, 100% used [0x00000000eab00000,0x00000000f0380000,0x00000000f0380000)
  from space 11264K, 0% used [0x00000000f1180000,0x00000000f1180000,0x00000000f1c80000)
  to   space 12800K, 0% used [0x00000000f0380000,0x00000000f0380000,0x00000000f1000000)
 ParOldGen       total 53248K, used 43716K [0x00000000c0000000, 0x00000000c3400000, 0x00000000eab00000)
  object space 53248K, 82% used [0x00000000c0000000,0x00000000c2ab1288,0x00000000c3400000)
 Metaspace       used 42060K, capacity 44370K, committed 44416K, reserved 1087488K
  class space    used 6029K, capacity 6750K, committed 6784K, reserved 1048576K
Event: 182.079 GC heap after
Heap after GC invocations=31 (full 6):
 PSYoungGen      total 103424K, used 2869K [0x00000000eab00000, 0x00000000f2980000, 0x0000000100000000)
  eden space 90624K, 0% used [0x00000000eab00000,0x00000000eab00000,0x00000000f0380000)
  from space 12800K, 22% used [0x00000000f0380000,0x00000000f064d5b8,0x00000000f1000000)
  to   space 12288K, 0% used [0x00000000f1d80000,0x00000000f1d80000,0x00000000f2980000)
 ParOldGen       total 53248K, used 43724K [0x00000000c0000000, 0x00000000c3400000, 0x00000000eab00000)
  object space 53248K, 82% used [0x00000000c0000000,0x00000000c2ab3288,0x00000000c3400000)
 Metaspace       used 42060K, capacity 44370K, committed 44416K, reserved 1087488K
  class space    used 6029K, capacity 6750K, committed 6784K, reserved 1048576K
}
Event: 183.421 GC heap before
{Heap before GC invocations=32 (full 6):
 PSYoungGen      total 103424K, used 93493K [0x00000000eab00000, 0x00000000f2980000, 0x0000000100000000)
  eden space 90624K, 100% used [0x00000000eab00000,0x00000000f0380000,0x00000000f0380000)
  from space 12800K, 22% used [0x00000000f0380000,0x00000000f064d5b8,0x00000000f1000000)
  to   space 12288K, 0% used [0x00000000f1d80000,0x00000000f1d80000,0x00000000f2980000)
 ParOldGen       total 53248K, used 43724K [0x00000000c0000000, 0x00000000c3400000, 0x00000000eab00000)
  object space 53248K, 82% used [0x00000000c0000000,0x00000000c2ab3288,0x00000000c3400000)
 Metaspace       used 42080K, capacity 44370K, committed 44416K, reserved 1087488K
  class space    used 6031K, capacity 6750K, committed 6784K, reserved 1048576K
Event: 183.604 GC heap after
Heap after GC invocations=32 (full 6):
 PSYoungGen      total 113152K, used 2296K [0x00000000eab00000, 0x00000000f2780000, 0x0000000100000000)
  eden space 102912K, 0% used [0x00000000eab00000,0x00000000eab00000,0x00000000f0f80000)
  from space 10240K, 22% used [0x00000000f1d80000,0x00000000f1fbe120,0x00000000f2780000)
  to   space 12288K, 0% used [0x00000000f0f80000,0x00000000f0f80000,0x00000000f1b80000)
 ParOldGen       total 53248K, used 43732K [0x00000000c0000000, 0x00000000c3400000, 0x00000000eab00000)
  object space 53248K, 82% used [0x00000000c0000000,0x00000000c2ab5288,0x00000000c3400000)
 Metaspace       used 42080K, capacity 44370K, committed 44416K, reserved 1087488K
  class space    used 6031K, capacity 6750K, committed 6784K, reserved 1048576K
}

Deoptimization events (10 events):
Event: 180.338 Thread 0x00000000587c9000 Uncommon trap: reason=bimorphic action=maybe_recompile pc=0x00000000033c2534 method=java.util.Hashtable.get(Ljava/lang/Object;)Ljava/lang/Object; @ 45
Event: 180.339 Thread 0x00000000587c9000 Uncommon trap: reason=bimorphic action=maybe_recompile pc=0x00000000033c2534 method=java.util.Hashtable.get(Ljava/lang/Object;)Ljava/lang/Object; @ 45
Event: 181.037 Thread 0x00000000587c9000 Uncommon trap: reason=class_check action=maybe_recompile pc=0x0000000003282044 method=java.util.Hashtable.addEntry(ILjava/lang/Object;Ljava/lang/Object;I)V @ 38
Event: 183.094 Thread 0x00000000587c9000 Uncommon trap: reason=unreached action=reinterpret pc=0x0000000003a789e0 method=org.codehaus.groovy.ast.ClassNode.getCompileUnit()Lorg/codehaus/groovy/ast/CompileUnit; @ 19
Event: 183.097 Thread 0x00000000587c9000 Uncommon trap: reason=unreached action=reinterpret pc=0x0000000003a63f4c method=org.codehaus.groovy.ast.ClassNode.redirect()Lorg/codehaus/groovy/ast/ClassNode; @ 4
Event: 184.941 Thread 0x00000000587c9000 Uncommon trap: reason=bimorphic action=maybe_recompile pc=0x0000000003a8ee34 method=org.codehaus.groovy.control.ResolveVisitor.resolveNestedClass(Lorg/codehaus/groovy/ast/ClassNode;)Z @ 113
Event: 184.941 Thread 0x00000000587c9000 Uncommon trap: reason=bimorphic action=maybe_recompile pc=0x0000000003a846b0 method=org.codehaus.groovy.control.ResolveVisitor.resolveFromCompileUnit(Lorg/codehaus/groovy/ast/ClassNode;)Z @ 16
Event: 184.942 Thread 0x00000000587c9000 Uncommon trap: reason=unreached action=reinterpret pc=0x0000000003a7bbf0 method=org.codehaus.groovy.ast.ClassNode.getSuperClass()Lorg/codehaus/groovy/ast/ClassNode; @ 60
Event: 184.942 Thread 0x00000000587c9000 Uncommon trap: reason=unreached action=reinterpret pc=0x0000000003a84680 method=org.codehaus.groovy.ast.ClassNode.getCompileUnit()Lorg/codehaus/groovy/ast/CompileUnit; @ 19
Event: 184.943 Thread 0x00000000587c9000 Uncommon trap: reason=unreached action=reinterpret pc=0x0000000003a65fe4 method=org.codehaus.groovy.ast.ClassNode.redirect()Lorg/codehaus/groovy/ast/ClassNode; @ 4

Internal exceptions (10 events):
Event: 185.667 Thread 0x00000000587c9000 Exception <a 'java/security/PrivilegedActionException'> (0x00000000efdec518) thrown at [D:\re\workspace\8-2-build-windows-amd64-cygwin\jdk8\2238\hotspot\src\share\vm\prims\jvm.cpp, line 1248]
Event: 185.667 Thread 0x00000000587c9000 Exception <a 'java/security/PrivilegedActionException'> (0x00000000efdf1ba8) thrown at [D:\re\workspace\8-2-build-windows-amd64-cygwin\jdk8\2238\hotspot\src\share\vm\prims\jvm.cpp, line 1248]
Event: 185.667 Thread 0x00000000587c9000 Exception <a 'java/security/PrivilegedActionException'> (0x00000000efdffa98) thrown at [D:\re\workspace\8-2-build-windows-amd64-cygwin\jdk8\2238\hotspot\src\share\vm\prims\jvm.cpp, line 1248]
Event: 185.667 Thread 0x00000000587c9000 Exception <a 'java/security/PrivilegedActionException'> (0x00000000efe00f80) thrown at [D:\re\workspace\8-2-build-windows-amd64-cygwin\jdk8\2238\hotspot\src\share\vm\prims\jvm.cpp, line 1248]
Event: 185.668 Thread 0x00000000587c9000 Exception <a 'java/security/PrivilegedActionException'> (0x00000000efe033d8) thrown at [D:\re\workspace\8-2-build-windows-amd64-cygwin\jdk8\2238\hotspot\src\share\vm\prims\jvm.cpp, line 1248]
Event: 185.668 Thread 0x00000000587c9000 Exception <a 'java/security/PrivilegedActionException'> (0x00000000efe045d8) thrown at [D:\re\workspace\8-2-build-windows-amd64-cygwin\jdk8\2238\hotspot\src\share\vm\prims\jvm.cpp, line 1248]
Event: 185.668 Thread 0x00000000587c9000 Exception <a 'java/security/PrivilegedActionException'> (0x00000000efe05448) thrown at [D:\re\workspace\8-2-build-windows-amd64-cygwin\jdk8\2238\hotspot\src\share\vm\prims\jvm.cpp, line 1248]
Event: 185.668 Thread 0x00000000587c9000 Exception <a 'java/security/PrivilegedActionException'> (0x00000000efe0af60) thrown at [D:\re\workspace\8-2-build-windows-amd64-cygwin\jdk8\2238\hotspot\src\share\vm\prims\jvm.cpp, line 1248]
Event: 185.668 Thread 0x00000000587c9000 Exception <a 'java/security/PrivilegedActionException'> (0x00000000efe19ae0) thrown at [D:\re\workspace\8-2-build-windows-amd64-cygwin\jdk8\2238\hotspot\src\share\vm\prims\jvm.cpp, line 1248]
Event: 185.668 Thread 0x00000000587c9000 Exception <a 'java/security/PrivilegedActionException'> (0x00000000efe1afe0) thrown at [D:\re\workspace\8-2-build-windows-amd64-cygwin\jdk8\2238\hotspot\src\share\vm\prims\jvm.cpp, line 1248]

Events (10 events):
Event: 185.667 loading class org/gradle/language/nativeplatform/SuppressWarnings
Event: 185.667 loading class org/gradle/language/nativeplatform/SuppressWarnings done
Event: 185.667 loading class org/gradle/language/nativeplatform/SuppressWarnings
Event: 185.667 loading class org/gradle/language/nativeplatform/SuppressWarnings done
Event: 185.668 loading class org/gradle/language/nativeplatform/tasks/SuppressWarnings
Event: 185.668 loading class org/gradle/language/nativeplatform/tasks/SuppressWarnings done
Event: 185.668 loading class org/gradle/language/nativeplatform/tasks/SuppressWarnings
Event: 185.668 loading class org/gradle/language/nativeplatform/tasks/SuppressWarnings done
Event: 185.668 loading class org/gradle/language/objectivec/SuppressWarnings
Event: 185.668 loading class org/gradle/language/objectivec/SuppressWarnings done


Dynamic libraries:
0x000000013f1a0000 - 0x000000013f1d4000 	D:\Program Files\Java\jdk1.8.0\bin\java.exe
0x00000000774f0000 - 0x0000000077699000 	C:\Windows\SYSTEM32\ntdll.dll
0x0000000076df0000 - 0x0000000076f10000 	C:\Windows\system32\kernel32.dll
0x000007fefdcb0000 - 0x000007fefdd1c000 	C:\Windows\system32\KERNELBASE.dll
0x000007fefe010000 - 0x000007fefe0eb000 	C:\Windows\system32\ADVAPI32.dll
0x000007feff5a0000 - 0x000007feff63f000 	C:\Windows\system32\msvcrt.dll
0x000007fefde10000 - 0x000007fefde2f000 	C:\Windows\SYSTEM32\sechost.dll
0x000007fefdeb0000 - 0x000007fefdfdd000 	C:\Windows\system32\RPCRT4.dll
0x00000000773f0000 - 0x00000000774ea000 	C:\Windows\system32\USER32.dll
0x000007feff6b0000 - 0x000007feff717000 	C:\Windows\system32\GDI32.dll
0x000007feff6a0000 - 0x000007feff6ae000 	C:\Windows\system32\LPK.dll
0x000007fefef00000 - 0x000007fefefca000 	C:\Windows\system32\USP10.dll
0x000007fefbfc0000 - 0x000007fefc1b4000 	C:\Windows\WinSxS\amd64_microsoft.windows.common-controls_6595b64144ccf1df_6.0.7601.18837_none_fa3b1e3d17594757\COMCTL32.dll
0x000007fefee80000 - 0x000007fefeef1000 	C:\Windows\system32\SHLWAPI.dll
0x000007feff280000 - 0x000007feff2ae000 	C:\Windows\system32\IMM32.DLL
0x000007feff490000 - 0x000007feff599000 	C:\Windows\system32\MSCTF.dll
0x0000000068410000 - 0x00000000684e2000 	D:\Program Files\Java\jdk1.8.0\jre\bin\msvcr100.dll
0x0000000064150000 - 0x000000006497a000 	D:\Program Files\Java\jdk1.8.0\jre\bin\server\jvm.dll
0x000007fef6100000 - 0x000007fef6109000 	C:\Windows\system32\WSOCK32.dll
0x000007fefdd20000 - 0x000007fefdd6d000 	C:\Windows\system32\WS2_32.dll
0x000007fefdfe0000 - 0x000007fefdfe8000 	C:\Windows\system32\NSI.dll
0x000007fefc8a0000 - 0x000007fefc8db000 	C:\Windows\system32\WINMM.dll
0x00000000776c0000 - 0x00000000776c7000 	C:\Windows\system32\PSAPI.DLL
0x000000006c0e0000 - 0x000000006c0ef000 	D:\Program Files\Java\jdk1.8.0\jre\bin\verify.dll
0x00000000663b0000 - 0x00000000663d8000 	D:\Program Files\Java\jdk1.8.0\jre\bin\java.dll
0x0000000068ce0000 - 0x0000000068cf6000 	D:\Program Files\Java\jdk1.8.0\jre\bin\zip.dll
0x000007fefe0f0000 - 0x000007fefee79000 	C:\Windows\system32\SHELL32.dll
0x000007fefefd0000 - 0x000007feff1d3000 	C:\Windows\system32\ole32.dll
0x000007fefd950000 - 0x000007fefd95f000 	C:\Windows\system32\profapi.dll
0x00000000660f0000 - 0x000000006610a000 	D:\Program Files\Java\jdk1.8.0\jre\bin\net.dll
0x000007fefd180000 - 0x000007fefd1d5000 	C:\Windows\system32\mswsock.dll
0x000007fefd170000 - 0x000007fefd177000 	C:\Windows\System32\wship6.dll
0x00000000660d0000 - 0x00000000660e1000 	D:\Program Files\Java\jdk1.8.0\jre\bin\nio.dll
0x000007fef6c30000 - 0x000007fef6c42000 	C:\Users\Administrator\.gradle\native\19\windows-amd64\native-platform.dll
0x000007fefb900000 - 0x000007fefb927000 	C:\Windows\system32\IPHLPAPI.DLL
0x000007fefb8f0000 - 0x000007fefb8fb000 	C:\Windows\system32\WINNSI.DLL
0x000007fefb700000 - 0x000007fefb711000 	C:\Windows\system32\dhcpcsvc6.DLL
0x000007fefb6e0000 - 0x000007fefb6f8000 	C:\Windows\system32\dhcpcsvc.DLL
0x000007fefd1e0000 - 0x000007fefd1f7000 	C:\Windows\system32\CRYPTSP.dll
0x000007fefcee0000 - 0x000007fefcf27000 	C:\Windows\system32\rsaenh.dll
0x000007fefcc90000 - 0x000007fefccae000 	C:\Windows\system32\USERENV.dll
0x000007fefd840000 - 0x000007fefd84f000 	C:\Windows\system32\CRYPTBASE.dll
0x000007fefb9d0000 - 0x000007fefb9e5000 	C:\Windows\system32\NLAapi.dll
0x000007fef9230000 - 0x000007fef9245000 	C:\Windows\system32\napinsp.dll
0x000007fef9210000 - 0x000007fef9229000 	C:\Windows\system32\pnrpnsp.dll
0x000007fefd000000 - 0x000007fefd05b000 	C:\Windows\system32\DNSAPI.dll
0x000007fef9200000 - 0x000007fef920b000 	C:\Windows\System32\winrnr.dll
0x000007fefcb60000 - 0x000007fefcb67000 	C:\Windows\System32\wshtcpip.dll
0x000007fef9180000 - 0x000007fef9188000 	C:\Windows\system32\rasadhlp.dll
0x000007fefb730000 - 0x000007fefb783000 	C:\Windows\System32\fwpuclnt.dll
0x000007fefd7e0000 - 0x000007fefd837000 	C:\Windows\system32\apphelp.dll
0x000000006af50000 - 0x000000006af5d000 	D:\Program Files\Java\jdk1.8.0\jre\bin\management.dll
0x000007fef7540000 - 0x000007fef7665000 	C:\Windows\system32\dbghelp.dll

VM Arguments:
jvm_args: -XX:MaxPermSize=256m -XX:+HeapDumpOnOutOfMemoryError -Xmx1024m -Dfile.encoding=GBK -Duser.country=CN -Duser.language=zh -Duser.variant 
java_command: org.gradle.launcher.daemon.bootstrap.GradleDaemon 2.4 C:\Users\Administrator\.gradle C:\Users\Administrator\.gradle\daemon 10800000 2c7087e5-bd00-4b61-9d44-a45557757e40 -XX:MaxPermSize=256m -XX:+HeapDumpOnOutOfMemoryError -Xmx1024m -Dfile.encoding=GBK -Duser.country=CN -Duser.language=zh -Duser.variant
java_class_path (initial): G:\Èí¼þ±¸·Ý\android studio\gradle\gradle-2.4\lib\gradle-launcher-2.4.jar
Launcher Type: SUN_STANDARD

Environment Variables:
JAVA_HOME=D:\Program Files\Java\jdk1.8.0
CLASSPATH=.;D:\Program Files\Java\jdk1.8.0\lib\dt.jar;D:\Program Files\Java\jdk1.8.0\lib\tools.jar
PATH=C:\ProgramData\Oracle\Java\javapath;C:\Program Files (x86)\NVIDIA Corporation\PhysX\Common;C:\Windows\system32;C:\Windows;C:\Windows\System32\Wbem;C:\Windows\System32\WindowsPowerShell\v1.0\;D:\Program Files\Java\jdk1.8.0\bin;D:\Program Files\Java\jdk1.8.0\jre\bin;E:\Android_Sdk\adt-bundle-windows-x86_64-20131030\sdk\tools;E:\apache-tomcat-7.0.57-windows-x64\apache-tomcat-7.0.57\bin;C:\Program Files (x86)\MySQL\MySQL Server 5.0\bin;D:\Program Files\Java\jdk1.8.0\bin;D:\Program Files\Java\jdk1.8.0\jre\bin
USERNAME=Administrator
OS=Windows_NT
PROCESSOR_IDENTIFIER=AMD64 Family 16 Model 5 Stepping 3, AuthenticAMD



---------------  S Y S T E M  ---------------

OS: Windows 7 , 64 bit Build 7601 Service Pack 1

CPU:total 4 (4 cores per cpu, 1 threads per core) family 16 model 5 stepping 3, cmov, cx8, fxsr, mmx, sse, sse2, sse3, popcnt, mmxext, 3dnowpref, lzcnt, sse4a, tsc, tscinvbit

Memory: 4k page, physical 4192376k(491712k free), swap 8384512k(27560k free)

vm_info: Java HotSpot(TM) 64-Bit Server VM (25.0-b70) for windows-amd64 JRE (1.8.0-b132), built on Mar  4 2014 03:46:18 by "java_re" with MS VC++ 10.0 (VS2010)

time: Tue Jan 05 16:17:08 2016
elapsed time: 185 seconds

