#
# There is insufficient memory for the Java Runtime Environment to continue.
# Native memory allocation (malloc) failed to allocate 593776 bytes for Chunk::new
# Possible reasons:
#   The system is out of physical RAM or swap space
#   In 32 bit mode, the process size limit was hit
# Possible solutions:
#   Reduce memory load on the system
#   Increase physical memory or swap space
#   Check if swap backing store is full
#   Use 64 bit Java on a 64 bit OS
#   Decrease Java heap size (-Xmx/-Xms)
#   Decrease number of Java threads
#   Decrease Java thread stack sizes (-Xss)
#   Set larger code cache with -XX:ReservedCodeCacheSize=
# This output file may be truncated or incomplete.
#
#  Out of Memory Error (allocation.cpp:388), pid=9040, tid=6476
#
# JRE version: Java(TM) SE Runtime Environment (8.0-b132) (build 1.8.0-b132)
# Java VM: Java HotSpot(TM) 64-Bit Server VM (25.0-b70 mixed mode windows-amd64 compressed oops)
# Failed to write core dump. Minidumps are not enabled by default on client versions of Windows
#

---------------  T H R E A D  ---------------

Current thread (0x000000005680b800):  JavaThread "C2 CompilerThread0" daemon [_thread_in_native, id=6476, stack(0x0000000056ea0000,0x0000000056fa0000)]

Stack: [0x0000000056ea0000,0x0000000056fa0000]
Native frames: (J=compiled Java code, j=interpreted, Vv=VM code, C=native code)
V  [jvm.dll+0x308e0a]


Current CompileTask:
C2:    828  577       4       com.android.dx.ssa.NormalSsaInsn::accept (25 bytes)


---------------  P R O C E S S  ---------------

Java Threads: ( => current thread )
  0x00000000569fa800 JavaThread "pool-1-thread-4" [_thread_in_Java, id=4520, stack(0x0000000057ce0000,0x0000000057de0000)]
  0x00000000569f9000 JavaThread "pool-1-thread-3" [_thread_in_Java, id=8524, stack(0x0000000056600000,0x0000000056700000)]
  0x00000000569f2000 JavaThread "pool-1-thread-2" [_thread_in_Java, id=7872, stack(0x0000000057bb0000,0x0000000057cb0000)]
  0x00000000569f4000 JavaThread "pool-2-thread-1" [_thread_blocked, id=8200, stack(0x0000000057970000,0x0000000057a70000)]
  0x00000000569e1000 JavaThread "pool-1-thread-1" [_thread_in_vm, id=2888, stack(0x00000000577e0000,0x00000000578e0000)]
  0x0000000056897000 JavaThread "Service Thread" daemon [_thread_blocked, id=7496, stack(0x00000000574d0000,0x00000000575d0000)]
  0x000000005683a800 JavaThread "C1 CompilerThread2" daemon [_thread_blocked, id=9052, stack(0x00000000572b0000,0x00000000573b0000)]
  0x000000005681c800 JavaThread "C2 CompilerThread1" daemon [_thread_in_native, id=8328, stack(0x00000000570a0000,0x00000000571a0000)]
=>0x000000005680b800 JavaThread "C2 CompilerThread0" daemon [_thread_in_native, id=6476, stack(0x0000000056ea0000,0x0000000056fa0000)]
  0x0000000056809000 JavaThread "Attach Listener" daemon [_thread_blocked, id=6588, stack(0x0000000056da0000,0x0000000056ea0000)]
  0x0000000056808800 JavaThread "Signal Dispatcher" daemon [_thread_blocked, id=8956, stack(0x0000000056c90000,0x0000000056d90000)]
  0x00000000553d8000 JavaThread "Finalizer" daemon [_thread_blocked, id=8056, stack(0x0000000056700000,0x0000000056800000)]
  0x00000000553cb000 JavaThread "Reference Handler" daemon [_thread_blocked, id=7444, stack(0x00000000564d0000,0x00000000565d0000)]
  0x000000000044e800 JavaThread "main" [_thread_blocked, id=9008, stack(0x00000000028d0000,0x00000000029d0000)]

Other Threads:
  0x00000000553c7800 VMThread [stack: 0x0000000056310000,0x0000000056410000] [id=6440]
  0x000000005689e000 WatcherThread [stack: 0x0000000057640000,0x0000000057740000] [id=7352]

VM state:not at safepoint (normal execution)

VM Mutex/Monitor currently owned by a thread: None

Heap:
 PSYoungGen      total 5632K, used 1480K [0x00000000eab00000, 0x00000000eb680000, 0x0000000100000000)
  eden space 4096K, 8% used [0x00000000eab00000,0x00000000eab5a3a8,0x00000000eaf00000)
  from space 1536K, 72% used [0x00000000eaf00000,0x00000000eb018010,0x00000000eb080000)
  to   space 2560K, 0% used [0x00000000eb400000,0x00000000eb400000,0x00000000eb680000)
 ParOldGen       total 64000K, used 5555K [0x00000000c0000000, 0x00000000c3e80000, 0x00000000eab00000)
  object space 64000K, 8% used [0x00000000c0000000,0x00000000c056ce78,0x00000000c3e80000)
 Metaspace       used 5446K, capacity 6640K, committed 6784K, reserved 1056768K
  class space    used 580K, capacity 616K, committed 640K, reserved 1048576K

Card table byte_map: [0x0000000011d90000,0x0000000011fa0000] byte_map_base: 0x0000000011790000

Marking Bits: (ParMarkBitMap*) 0x00000000649013b0
 Begin Bits: [0x0000000012840000, 0x0000000013840000)
 End Bits:   [0x0000000013840000, 0x0000000014840000)

Polling page: 0x0000000000180000

CodeCache: size=245760Kb used=2481Kb max_used=2481Kb free=243278Kb
 bounds [0x00000000029d0000, 0x0000000002c40000, 0x00000000119d0000]
 total_blobs=913 nmethods=647 adapters=180
 compilation: disabled (not enough contiguous free space left)

Compilation events (10 events):
Event: 0.674 Thread 0x000000005683a800 nmethod 664 0x0000000002c19450 code [0x0000000002c195e0, 0x0000000002c19b48]
Event: 0.674 Thread 0x000000005683a800  662       3       com.android.dx.rop.code.ThrowingCstInsn::accept (8 bytes)
Event: 0.674 Thread 0x000000005683a800 nmethod 662 0x0000000002c19d10 code [0x0000000002c19e80, 0x0000000002c1a0a8]
Event: 0.674 Thread 0x000000005683a800  608       3       com.android.dx.rop.cst.CstBaseMethodRef::compareTo0 (29 bytes)
Event: 0.674 Thread 0x000000005683a800 nmethod 608 0x0000000002c1a190 code [0x0000000002c1a320, 0x0000000002c1a698]
Event: 0.674 Thread 0x000000005683a800  663       3       com.android.dx.rop.code.Rop::canThrow (18 bytes)
Event: 0.674 Thread 0x000000005683a800 nmethod 663 0x0000000002c1a7d0 code [0x0000000002c1a940, 0x0000000002c1aba8]
Event: 0.674 Thread 0x000000005683a800  617       3       java.util.AbstractSet::<init> (5 bytes)
Event: 0.674 Thread 0x000000005683a800 nmethod 617 0x0000000002c1ac50 code [0x0000000002c1adc0, 0x0000000002c1afb0]
Event: 0.674 Thread 0x000000005683a800  667       3       com.android.dx.ssa.SsaMethod::onSourcesChanged (69 bytes)

GC Heap History (10 events):
Event: 0.239 GC heap before
{Heap before GC invocations=3 (full 0):
 PSYoungGen      total 1536K, used 1528K [0x00000000eab00000, 0x00000000ead00000, 0x0000000100000000)
  eden space 1024K, 100% used [0x00000000eab00000,0x00000000eac00000,0x00000000eac00000)
  from space 512K, 98% used [0x00000000eac80000,0x00000000eacfe010,0x00000000ead00000)
  to   space 512K, 0% used [0x00000000eac00000,0x00000000eac00000,0x00000000eac80000)
 ParOldGen       total 64000K, used 276K [0x00000000c0000000, 0x00000000c3e80000, 0x00000000eab00000)
  object space 64000K, 0% used [0x00000000c0000000,0x00000000c0045310,0x00000000c3e80000)
 Metaspace       used 3369K, capacity 4784K, committed 5120K, reserved 1056768K
  class space    used 374K, capacity 424K, committed 512K, reserved 1048576K
Event: 0.242 GC heap after
Heap after GC invocations=3 (full 0):
 PSYoungGen      total 1536K, used 504K [0x00000000eab00000, 0x00000000eae00000, 0x0000000100000000)
  eden space 1024K, 0% used [0x00000000eab00000,0x00000000eab00000,0x00000000eac00000)
  from space 512K, 98% used [0x00000000eac00000,0x00000000eac7e030,0x00000000eac80000)
  to   space 512K, 0% used [0x00000000ead80000,0x00000000ead80000,0x00000000eae00000)
 ParOldGen       total 64000K, used 610K [0x00000000c0000000, 0x00000000c3e80000, 0x00000000eab00000)
  object space 64000K, 0% used [0x00000000c0000000,0x00000000c0098af8,0x00000000c3e80000)
 Metaspace       used 3369K, capacity 4784K, committed 5120K, reserved 1056768K
  class space    used 374K, capacity 424K, committed 512K, reserved 1048576K
}
Event: 0.307 GC heap before
{Heap before GC invocations=4 (full 0):
 PSYoungGen      total 1536K, used 1528K [0x00000000eab00000, 0x00000000eae00000, 0x0000000100000000)
  eden space 1024K, 100% used [0x00000000eab00000,0x00000000eac00000,0x00000000eac00000)
  from space 512K, 98% used [0x00000000eac00000,0x00000000eac7e030,0x00000000eac80000)
  to   space 512K, 0% used [0x00000000ead80000,0x00000000ead80000,0x00000000eae00000)
 ParOldGen       total 64000K, used 610K [0x00000000c0000000, 0x00000000c3e80000, 0x00000000eab00000)
  object space 64000K, 0% used [0x00000000c0000000,0x00000000c0098af8,0x00000000c3e80000)
 Metaspace       used 3688K, capacity 5040K, committed 5120K, reserved 1056768K
  class space    used 421K, capacity 488K, committed 512K, reserved 1048576K
Event: 0.311 GC heap after
Heap after GC invocations=4 (full 0):
 PSYoungGen      total 2560K, used 488K [0x00000000eab00000, 0x00000000eae00000, 0x0000000100000000)
  eden space 2048K, 0% used [0x00000000eab00000,0x00000000eab00000,0x00000000ead00000)
  from space 512K, 95% used [0x00000000ead80000,0x00000000eadfa020,0x00000000eae00000)
  to   space 512K, 0% used [0x00000000ead00000,0x00000000ead00000,0x00000000ead80000)
 ParOldGen       total 64000K, used 967K [0x00000000c0000000, 0x00000000c3e80000, 0x00000000eab00000)
  object space 64000K, 1% used [0x00000000c0000000,0x00000000c00f1cf0,0x00000000c3e80000)
 Metaspace       used 3688K, capacity 5040K, committed 5120K, reserved 1056768K
  class space    used 421K, capacity 488K, committed 512K, reserved 1048576K
}
Event: 0.384 GC heap before
{Heap before GC invocations=5 (full 0):
 PSYoungGen      total 2560K, used 2536K [0x00000000eab00000, 0x00000000eae00000, 0x0000000100000000)
  eden space 2048K, 100% used [0x00000000eab00000,0x00000000ead00000,0x00000000ead00000)
  from space 512K, 95% used [0x00000000ead80000,0x00000000eadfa020,0x00000000eae00000)
  to   space 512K, 0% used [0x00000000ead00000,0x00000000ead00000,0x00000000ead80000)
 ParOldGen       total 64000K, used 967K [0x00000000c0000000, 0x00000000c3e80000, 0x00000000eab00000)
  object space 64000K, 1% used [0x00000000c0000000,0x00000000c00f1cf0,0x00000000c3e80000)
 Metaspace       used 4202K, capacity 5520K, committed 5760K, reserved 1056768K
  class space    used 476K, capacity 520K, committed 640K, reserved 1048576K
Event: 0.386 GC heap after
Heap after GC invocations=5 (full 0):
 PSYoungGen      total 2560K, used 488K [0x00000000eab00000, 0x00000000eb200000, 0x0000000100000000)
  eden space 2048K, 0% used [0x00000000eab00000,0x00000000eab00000,0x00000000ead00000)
  from space 512K, 95% used [0x00000000ead00000,0x00000000ead7a020,0x00000000ead80000)
  to   space 1536K, 0% used [0x00000000eb080000,0x00000000eb080000,0x00000000eb200000)
 ParOldGen       total 64000K, used 1658K [0x00000000c0000000, 0x00000000c3e80000, 0x00000000eab00000)
  object space 64000K, 2% used [0x00000000c0000000,0x00000000c019e830,0x00000000c3e80000)
 Metaspace       used 4202K, capacity 5520K, committed 5760K, reserved 1056768K
  class space    used 476K, capacity 520K, committed 640K, reserved 1048576K
}
Event: 0.476 GC heap before
{Heap before GC invocations=6 (full 0):
 PSYoungGen      total 2560K, used 2536K [0x00000000eab00000, 0x00000000eb200000, 0x0000000100000000)
  eden space 2048K, 100% used [0x00000000eab00000,0x00000000ead00000,0x00000000ead00000)
  from space 512K, 95% used [0x00000000ead00000,0x00000000ead7a020,0x00000000ead80000)
  to   space 1536K, 0% used [0x00000000eb080000,0x00000000eb080000,0x00000000eb200000)
 ParOldGen       total 64000K, used 1658K [0x00000000c0000000, 0x00000000c3e80000, 0x00000000eab00000)
  object space 64000K, 2% used [0x00000000c0000000,0x00000000c019e830,0x00000000c3e80000)
 Metaspace       used 4871K, capacity 6096K, committed 6272K, reserved 1056768K
  class space    used 548K, capacity 584K, committed 640K, reserved 1048576K
Event: 0.479 GC heap after
Heap after GC invocations=6 (full 0):
 PSYoungGen      total 5632K, used 1128K [0x00000000eab00000, 0x00000000eb200000, 0x0000000100000000)
  eden space 4096K, 0% used [0x00000000eab00000,0x00000000eab00000,0x00000000eaf00000)
  from space 1536K, 73% used [0x00000000eb080000,0x00000000eb19a330,0x00000000eb200000)
  to   space 1536K, 0% used [0x00000000eaf00000,0x00000000eaf00000,0x00000000eb080000)
 ParOldGen       total 64000K, used 1658K [0x00000000c0000000, 0x00000000c3e80000, 0x00000000eab00000)
  object space 64000K, 2% used [0x00000000c0000000,0x00000000c019e830,0x00000000c3e80000)
 Metaspace       used 4871K, capacity 6096K, committed 6272K, reserved 1056768K
  class space    used 548K, capacity 584K, committed 640K, reserved 1048576K
}
Event: 0.589 GC heap before
{Heap before GC invocations=7 (full 0):
 PSYoungGen      total 5632K, used 5224K [0x00000000eab00000, 0x00000000eb200000, 0x0000000100000000)
  eden space 4096K, 100% used [0x00000000eab00000,0x00000000eaf00000,0x00000000eaf00000)
  from space 1536K, 73% used [0x00000000eb080000,0x00000000eb19a330,0x00000000eb200000)
  to   space 1536K, 0% used [0x00000000eaf00000,0x00000000eaf00000,0x00000000eb080000)
 ParOldGen       total 64000K, used 1658K [0x00000000c0000000, 0x00000000c3e80000, 0x00000000eab00000)
  object space 64000K, 2% used [0x00000000c0000000,0x00000000c019e830,0x00000000c3e80000)
 Metaspace       used 5273K, capacity 6448K, committed 6528K, reserved 1056768K
  class space    used 575K, capacity 616K, committed 640K, reserved 1048576K
Event: 0.593 GC heap after
Heap after GC invocations=7 (full 0):
 PSYoungGen      total 5632K, used 1504K [0x00000000eab00000, 0x00000000eb700000, 0x0000000100000000)
  eden space 4096K, 0% used [0x00000000eab00000,0x00000000eab00000,0x00000000eaf00000)
  from space 1536K, 97% used [0x00000000eaf00000,0x00000000eb078018,0x00000000eb080000)
  to   space 2048K, 0% used [0x00000000eb500000,0x00000000eb500000,0x00000000eb700000)
 ParOldGen       total 64000K, used 1989K [0x00000000c0000000, 0x00000000c3e80000, 0x00000000eab00000)
  object space 64000K, 3% used [0x00000000c0000000,0x00000000c01f1620,0x00000000c3e80000)
 Metaspace       used 5273K, capacity 6448K, committed 6528K, reserved 1056768K
  class space    used 575K, capacity 616K, committed 640K, reserved 1048576K
}

Deoptimization events (0 events):
No events

Internal exceptions (10 events):
Event: 0.525 Thread 0x00000000569f9000 Exception <a 'java/security/PrivilegedActionException'> (0x00000000eac087e0) thrown at [D:\re\workspace\8-2-build-windows-amd64-cygwin\jdk8\2238\hotspot\src\share\vm\prims\jvm.cpp, line 1248]
Event: 0.526 Thread 0x00000000569f9000 Exception <a 'java/security/PrivilegedActionException'> (0x00000000eac11a50) thrown at [D:\re\workspace\8-2-build-windows-amd64-cygwin\jdk8\2238\hotspot\src\share\vm\prims\jvm.cpp, line 1248]
Event: 0.556 Thread 0x000000000044e800 Exception <a 'java/security/PrivilegedActionException'> (0x00000000ead7d190) thrown at [D:\re\workspace\8-2-build-windows-amd64-cygwin\jdk8\2238\hotspot\src\share\vm\prims\jvm.cpp, line 1248]
Event: 0.565 Thread 0x000000000044e800 Exception <a 'java/security/PrivilegedActionException'> (0x00000000eade9528) thrown at [D:\re\workspace\8-2-build-windows-amd64-cygwin\jdk8\2238\hotspot\src\share\vm\prims\jvm.cpp, line 1248]
Event: 0.568 Thread 0x00000000569f2000 Exception <a 'java/security/PrivilegedActionException'> (0x00000000eae1bd50) thrown at [D:\re\workspace\8-2-build-windows-amd64-cygwin\jdk8\2238\hotspot\src\share\vm\prims\jvm.cpp, line 1248]
Event: 0.602 Thread 0x00000000569e1000 Exception <a 'java/security/PrivilegedActionException'> (0x00000000eab5fc80) thrown at [D:\re\workspace\8-2-build-windows-amd64-cygwin\jdk8\2238\hotspot\src\share\vm\prims\jvm.cpp, line 1248]
Event: 0.608 Thread 0x00000000569f2000 Exception <a 'java/security/PrivilegedActionException'> (0x00000000eab971c0) thrown at [D:\re\workspace\8-2-build-windows-amd64-cygwin\jdk8\2238\hotspot\src\share\vm\prims\jvm.cpp, line 1248]
Event: 0.658 Thread 0x00000000569e1000 Exception <a 'java/security/PrivilegedActionException'> (0x00000000eac8d870) thrown at [D:\re\workspace\8-2-build-windows-amd64-cygwin\jdk8\2238\hotspot\src\share\vm\prims\jvm.cpp, line 1248]
Event: 0.662 Thread 0x00000000569e1000 Exception <a 'java/security/PrivilegedActionException'> (0x00000000eadebe98) thrown at [D:\re\workspace\8-2-build-windows-amd64-cygwin\jdk8\2238\hotspot\src\share\vm\prims\jvm.cpp, line 1248]
Event: 0.665 Thread 0x00000000569e1000 Exception <a 'java/security/PrivilegedActionException'> (0x00000000eae0db48) thrown at [D:\re\workspace\8-2-build-windows-amd64-cygwin\jdk8\2238\hotspot\src\share\vm\prims\jvm.cpp, line 1248]

Events (10 events):
Event: 0.608 loading class com/android/dx/ssa/back/FirstFitLocalCombiningAllocator$Multiset
Event: 0.608 loading class com/android/dx/ssa/back/FirstFitLocalCombiningAllocator$Multiset done
Event: 0.619 loading class java/util/ArrayList$1
Event: 0.619 loading class java/util/ArrayList$1 done
Event: 0.658 loading class com/android/dx/rop/cst/CstArray$List
Event: 0.658 loading class com/android/dx/rop/cst/CstArray$List done
Event: 0.662 loading class com/android/dx/dex/file/MethodAnnotationStruct
Event: 0.662 loading class com/android/dx/dex/file/MethodAnnotationStruct done
Event: 0.665 loading class com/android/dx/dex/file/FieldAnnotationStruct
Event: 0.665 loading class com/android/dx/dex/file/FieldAnnotationStruct done


Dynamic libraries:
0x000000013fc30000 - 0x000000013fc64000 	D:\Program Files\Java\jdk1.8.0\bin\java.exe
0x00000000774f0000 - 0x0000000077699000 	C:\Windows\SYSTEM32\ntdll.dll
0x0000000076df0000 - 0x0000000076f10000 	C:\Windows\system32\kernel32.dll
0x000007fefdcb0000 - 0x000007fefdd1c000 	C:\Windows\system32\KERNELBASE.dll
0x000007fefe010000 - 0x000007fefe0eb000 	C:\Windows\system32\ADVAPI32.dll
0x000007feff5a0000 - 0x000007feff63f000 	C:\Windows\system32\msvcrt.dll
0x000007fefde10000 - 0x000007fefde2f000 	C:\Windows\SYSTEM32\sechost.dll
0x000007fefdeb0000 - 0x000007fefdfdd000 	C:\Windows\system32\RPCRT4.dll
0x00000000773f0000 - 0x00000000774ea000 	C:\Windows\system32\USER32.dll
0x000007feff6b0000 - 0x000007feff717000 	C:\Windows\system32\GDI32.dll
0x000007feff6a0000 - 0x000007feff6ae000 	C:\Windows\system32\LPK.dll
0x000007fefef00000 - 0x000007fefefca000 	C:\Windows\system32\USP10.dll
0x000007fefbfc0000 - 0x000007fefc1b4000 	C:\Windows\WinSxS\amd64_microsoft.windows.common-controls_6595b64144ccf1df_6.0.7601.18837_none_fa3b1e3d17594757\COMCTL32.dll
0x000007fefee80000 - 0x000007fefeef1000 	C:\Windows\system32\SHLWAPI.dll
0x000007feff280000 - 0x000007feff2ae000 	C:\Windows\system32\IMM32.DLL
0x000007feff490000 - 0x000007feff599000 	C:\Windows\system32\MSCTF.dll
0x0000000063c70000 - 0x0000000063d42000 	D:\Program Files\Java\jdk1.8.0\jre\bin\msvcr100.dll
0x0000000064150000 - 0x000000006497a000 	D:\Program Files\Java\jdk1.8.0\jre\bin\server\jvm.dll
0x000007fef6100000 - 0x000007fef6109000 	C:\Windows\system32\WSOCK32.dll
0x000007fefdd20000 - 0x000007fefdd6d000 	C:\Windows\system32\WS2_32.dll
0x000007fefdfe0000 - 0x000007fefdfe8000 	C:\Windows\system32\NSI.dll
0x000007fefc8a0000 - 0x000007fefc8db000 	C:\Windows\system32\WINMM.dll
0x00000000776c0000 - 0x00000000776c7000 	C:\Windows\system32\PSAPI.DLL
0x000000006c0e0000 - 0x000000006c0ef000 	D:\Program Files\Java\jdk1.8.0\jre\bin\verify.dll
0x00000000663b0000 - 0x00000000663d8000 	D:\Program Files\Java\jdk1.8.0\jre\bin\java.dll
0x0000000068ce0000 - 0x0000000068cf6000 	D:\Program Files\Java\jdk1.8.0\jre\bin\zip.dll
0x000007fefe0f0000 - 0x000007fefee79000 	C:\Windows\system32\SHELL32.dll
0x000007fefefd0000 - 0x000007feff1d3000 	C:\Windows\system32\ole32.dll
0x000007fefd950000 - 0x000007fefd95f000 	C:\Windows\system32\profapi.dll

VM Arguments:
jvm_args: -Xmx1024M -Dfile.encoding=GBK -Duser.country=CN -Duser.language=zh -Duser.variant 
java_command: com.android.dx.command.Main --dex --num-threads=4 --output G:\workspace\BiShengWang\app\build\intermediates\dex\release G:\workspace\BiShengWang\app\build\intermediates\classes\release G:\workspace\BiShengWang\app\build\intermediates\pre-dexed\release\support-annotations-23.1.1-70cd2ddbde635716409947b759d49426556442b0.jar G:\workspace\BiShengWang\app\build\intermediates\pre-dexed\release\baidumapapi_cloud_v3_6_1-3fd810c1429e9a5d31b834885cad368ca3df73f2.jar G:\workspace\BiShengWang\app\build\intermediates\pre-dexed\release\baidumapapi_radar_v3_6_1-b6cbb107aa3a1e5cdce4170a0c635f4d74638f5a.jar G:\workspace\BiShengWang\app\build\intermediates\pre-dexed\release\classes-a7e87792161ef0528088a0c8a80d31f3d9ee8a97.jar G:\workspace\BiShengWang\app\build\intermediates\pre-dexed\release\classes-3a7d22953080724f72ce57116ff007fde9cee3a5.jar G:\workspace\BiShengWang\app\build\intermediates\pre-dexed\release\classes-ffa471777dc765a895172c9ad289c06255964594.jar G:\workspace\BiShengWang\app\build\intermediates\pre-dexed\release\SocialSDK_WeiXin_2-ee30804472492989352bbe075ec772f9044b1815.jar G:\workspace\BiShengWang\app\build\intermediates\pre-dexed\release\classes-a93511c37d15284d85661c96b556fc2d76d18c19.jar G:\workspace\BiShengWang\app\build\intermediates\pre-dexed\release\fluent-hc-4.2.5-373c2a74292b3ad1da0abd1b7180ea8fcbc2b849.jar G:\workspace\BiShengWang\app\build\intermediates\pre-dexed\release\httpmime-4.1.3-8b104f25d596ed988869dbf1db63a4a131509f80.jar G:\workspace\BiShengWang\app\build\intermediates\pre-dexed\release\SocialSDK_QQZone_3-70f1edba1b2229ef9edcbc7e24972ab833df077e.jar G:\workspace\BiShengWang\app\build\intermediates\pre-dexed\release\SocialSDK_WeiXin_1-6906f1ddfa8cf35d9e88bdbdc2cc9ac5a5d925c7.jar G:\workspace\BiShengWang\app\build\intermediates\pre-dexed\release\baidumapapi_util_v3_6_1-0294e0b76d57d3466195e9d9741a829847c0e177.jar G:\workspace\BiShengWang\app\build\intermediates\pre-dexed\release\eventbus-2.4.0-03e25c6b3178abc8ecb48b05be1f281aa0724b29
java_class_path (initial): G:\androidsdk\build-tools\23.0.1\lib\dx.jar
Launcher Type: SUN_STANDARD

Environment Variables:
JAVA_HOME=D:\Program Files\Java\jdk1.8.0
CLASSPATH=.;D:\Program Files\Java\jdk1.8.0\lib\dt.jar;D:\Program Files\Java\jdk1.8.0\lib\tools.jar
PATH=C:\ProgramData\Oracle\Java\javapath;C:\Program Files (x86)\NVIDIA Corporation\PhysX\Common;C:\Windows\system32;C:\Windows;C:\Windows\System32\Wbem;C:\Windows\System32\WindowsPowerShell\v1.0\;D:\Program Files\Java\jdk1.8.0\bin;D:\Program Files\Java\jdk1.8.0\jre\bin;E:\Android_Sdk\adt-bundle-windows-x86_64-20131030\sdk\tools;E:\apache-tomcat-7.0.57-windows-x64\apache-tomcat-7.0.57\bin;C:\Program Files (x86)\MySQL\MySQL Server 5.0\bin;D:\Program Files\Java\jdk1.8.0\bin;D:\Program Files\Java\jdk1.8.0\jre\bin
USERNAME=Administrator
OS=Windows_NT
PROCESSOR_IDENTIFIER=AMD64 Family 16 Model 5 Stepping 3, AuthenticAMD



---------------  S Y S T E M  ---------------

OS: Windows 7 , 64 bit Build 7601 Service Pack 1

CPU:total 4 (4 cores per cpu, 1 threads per core) family 16 model 5 stepping 3, cmov, cx8, fxsr, mmx, sse, sse2, sse3, popcnt, mmxext, 3dnowpref, lzcnt, sse4a, tsc, tscinvbit

Memory: 4k page, physical 4192376k(376952k free), swap 8384512k(4664k free)

vm_info: Java HotSpot(TM) 64-Bit Server VM (25.0-b70) for windows-amd64 JRE (1.8.0-b132), built on Mar  4 2014 03:46:18 by "java_re" with MS VC++ 10.0 (VS2010)

time: Tue Jan 05 16:06:51 2016
elapsed time: 0 seconds

